app/manifest-merger-release-report.txt
-- Merging decision tree log ---
manifest
ADDED from AndroidManifest.xml:2:1
	xmlns:android
		ADDED from AndroidManifest.xml:2:11
	package
		ADDED from AndroidManifest.xml:3:5
		INJECTED from AndroidManifest.xml:0:0
		INJECTED from AndroidManifest.xml:0:0
	android:versionName
		INJECTED from AndroidManifest.xml:0:0
		INJECTED from AndroidManifest.xml:0:0
	android:versionCode
		INJECTED from AndroidManifest.xml:0:0
		INJECTED from AndroidManifest.xml:0:0
uses-permission#android.permission.INTERNET
ADDED from AndroidManifest.xml:5:5
	android:name
		ADDED from AndroidManifest.xml:5:22
uses-permission#android.permission.WRITE_EXTERNAL_STORAGE
ADDED from AndroidManifest.xml:6:5
	android:name
		ADDED from AndroidManifest.xml:6:22
uses-permission#android.permission.READ_SYNC_SETTINGS
ADDED from AndroidManifest.xml:7:5
	android:name
		ADDED from AndroidManifest.xml:7:22
uses-permission#android.permission.WRITE_SYNC_SETTINGS
ADDED from AndroidManifest.xml:8:5
	android:name
		ADDED from AndroidManifest.xml:8:22
uses-permission#android.permission.AUTHENTICATE_ACCOUNTS
ADDED from AndroidManifest.xml:9:5
	android:name
		ADDED from AndroidManifest.xml:9:22
application
ADDED from AndroidManifest.xml:11:5
MERGED from com.android.support:appcompat-v7:21.0.3:16:5
MERGED from com.android.support:support-v4:21.0.3:16:5
MERGED from com.android.support:support-v4:21.0.3:16:5
	android:label
		ADDED from AndroidManifest.xml:14:9
	android:allowBackup
		ADDED from AndroidManifest.xml:12:9
	android:icon
		ADDED from AndroidManifest.xml:13:9
	android:theme
		ADDED from AndroidManifest.xml:15:9
activity#com.bezy_apps.forbesfeeds.HeadlinesActivity
ADDED from AndroidManifest.xml:16:9
	android:label
		ADDED from AndroidManifest.xml:18:13
	android:name
		ADDED from AndroidManifest.xml:17:13
intent-filter#android.intent.action.MAIN+android.intent.category.LAUNCHER
ADDED from AndroidManifest.xml:19:13
action#android.intent.action.MAIN
ADDED from AndroidManifest.xml:20:17
	android:name
		ADDED from AndroidManifest.xml:20:25
category#android.intent.category.LAUNCHER
ADDED from AndroidManifest.xml:21:17
	android:name
		ADDED from AndroidManifest.xml:21:27
activity#com.bezy_apps.forbesfeeds.Details_Activity
ADDED from AndroidManifest.xml:25:9
	android:label
		ADDED from AndroidManifest.xml:28:13
	android:configChanges
		ADDED from AndroidManifest.xml:27:13
	android:name
		ADDED from AndroidManifest.xml:26:13
meta-data#android.support.PARENT_ACTIVITY
ADDED from AndroidManifest.xml:29:13
	android:name
		ADDED from AndroidManifest.xml:30:17
	android:value
		ADDED from AndroidManifest.xml:31:17
provider#com.bezy_apps.forbesfeeds.data.HeadlinesProvider
ADDED from AndroidManifest.xml:34:9
	android:syncable
		ADDED from AndroidManifest.xml:39:13
	android:exported
		ADDED from AndroidManifest.xml:38:13
	android:authorities
		ADDED from AndroidManifest.xml:36:13
	android:enabled
		ADDED from AndroidManifest.xml:37:13
	android:name
		ADDED from AndroidManifest.xml:35:13
service#com.bezy_apps.forbesfeeds.sync.ForbesAuthenticatorService
ADDED from AndroidManifest.xml:41:9
	android:name
		ADDED from AndroidManifest.xml:41:18
intent-filter#android.accounts.AccountAuthenticator
ADDED from AndroidManifest.xml:42:13
action#android.accounts.AccountAuthenticator
ADDED from AndroidManifest.xml:43:17
	android:name
		ADDED from AndroidManifest.xml:43:25
meta-data#android.accounts.AccountAuthenticator
ADDED from AndroidManifest.xml:46:13
	android:resource
		ADDED from AndroidManifest.xml:48:17
	android:name
		ADDED from AndroidManifest.xml:47:17
service#com.bezy_apps.forbesfeeds.sync.ForbesSyncService
ADDED from AndroidManifest.xml:50:9
	android:exported
		ADDED from AndroidManifest.xml:52:13
	android:name
		ADDED from AndroidManifest.xml:51:13
intent-filter#android.content.SyncAdapter
ADDED from AndroidManifest.xml:53:13
action#android.content.SyncAdapter
ADDED from AndroidManifest.xml:54:17
	android:name
		ADDED from AndroidManifest.xml:54:25
meta-data#android.content.SyncAdapter
ADDED from AndroidManifest.xml:57:13
	android:resource
		ADDED from AndroidManifest.xml:59:17
	android:name
		ADDED from AndroidManifest.xml:58:17
activity#com.bezy_apps.forbesfeeds.SettingsActivity
ADDED from AndroidManifest.xml:62:9
	android:label
		ADDED from AndroidManifest.xml:64:13
	android:parentActivityName
		ADDED from AndroidManifest.xml:65:13
	android:name
		ADDED from AndroidManifest.xml:63:13
uses-sdk
INJECTED from AndroidManifest.xml:0:0 reason: use-sdk injection requested
MERGED from com.android.support:appcompat-v7:21.0.3:15:5
MERGED from com.android.support:support-v4:21.0.3:15:5
MERGED from com.android.support:support-v4:21.0.3:15:5
	android:targetSdkVersion
		INJECTED from AndroidManifest.xml:0:0
		INJECTED from AndroidManifest.xml:0:0
	android:minSdkVersion
		INJECTED from AndroidManifest.xml:0:0
		INJECTED from AndroidManifest.xml:0:0